#separator \x09
#set_separator	,
#empty_field	(empty)
#unset_field	-
#path	x509
#open	2015-02-20-16-38-46
#fields	ts	id	certificate.version	certificate.serial	certificate.subject	certificate.issuer	certificate.not_valid_before	certificate.not_valid_after	certificate.key_alg	certificate.sig_alg	certificate.key_type	certificate.key_length	certificate.exponent	certificate.curve	san.dns	san.uri	san.email	san.ip	basic_constraints.ca	basic_constraints.path_len
#types	time	string	count	string	string	string	time	time	string	string	string	count	string	string	vector[string]	vector[string]	vector[string]	vector[addr]	bool	count
1424220023.138089	FlFqMb2tvswUdvzWfh	3	C35FDAD1	CN=UMncLOzMoJdwkBHcoUxX,O=CkbReDXExRheJKGvCUVI,L=rMODrPEiisSUoFMODGUU,ST=SD,C=US	CN=WoplGvbIGoLoXOiSGCFL,O=yEJRzKRGFcucWBoOwKMk,L=ozYIxXhbACKHqioLVtFA,ST=NC,C=US	28800.000000	28800.000000	rsaEncryption	sha1WithRSAEncryption	rsa	512	65537	-	-	-	-	-	F	-
1424220166.616287	F0sOpu2UisTEH1jQi8	3	CF3BE44E	CN=nhBHuseroceCYGUNREYW,O=onKTDCYMlpmmKpIbVLVN,L=dLuBnkHVDwWVuGRVJVru,ST=NY,C=US	CN=tOAhTwZTXaENsYnmAMBP,O=OoehyRMgAgNrzZFzJpWn,L=uJLlTWbcJGtcFYMTdAHE,ST=OK,C=US	28800.000000	28800.000000	rsaEncryption	sha1WithRSAEncryption	rsa	512	65537	-	-	-	-	-	F	-
1424220754.141470	Fl11U03G7KSKgAUsG6	3	00	emailAddress=root@localhost.localdomain,CN=localhost.localdomain,OU=SomeOrganizationalUnit,O=SomeOrganization,L=SomeCity,ST=SomeState,C=--	emailAddress=root@localhost.localdomain,CN=localhost.localdomain,OU=SomeOrganizationalUnit,O=SomeOrganization,L=SomeCity,ST=SomeState,C=--	1080717700.000000	1112253700.000000	rsaEncryption	md5WithRSAEncryption	rsa	1024	65537	-	-	-	-	-	T	-
1424220764.388114	FqqLNS2RNC9TujVVh4	3	00	emailAddress=root@localhost.localdomain,CN=localhost.localdomain,OU=SomeOrganizationalUnit,O=SomeOrganization,L=SomeCity,ST=SomeState,C=--	emailAddress=root@localhost.localdomain,CN=localhost.localdomain,OU=SomeOrganizationalUnit,O=SomeOrganization,L=SomeCity,ST=SomeState,C=--	1080717700.000000	1112253700.000000	rsaEncryption	md5WithRSAEncryption	rsa	1024	65537	-	-	-	-	-	T	-
1424220835.720287	F5Oc1T1InYDPSNmBG8	1	3BEF42491BFE62B9BAF90FDD782239DB	CN=vrt-bz,OU=FOR TESTING ONLY,O=MyOrganization,L=MyTown,ST=MyState,C=US	CN=CertGenCAB,OU=FOR TESTING ONLY,O=MyOrganization,L=MyTown,ST=MyState,C=US	1087380595.000000	1560766195.000000	rsaEncryption	md5WithRSAEncryption	rsa	512	65537	-	-	-	-	-	-	-
1424220843.828989	FMqvb81xqN2M6lfQig	1	3BEF42491BFE62B9BAF90FDD782239DB	CN=vrt-bz,OU=FOR TESTING ONLY,O=MyOrganization,L=MyTown,ST=MyState,C=US	CN=CertGenCAB,OU=FOR TESTING ONLY,O=MyOrganization,L=MyTown,ST=MyState,C=US	1087380595.000000	1560766195.000000	rsaEncryption	md5WithRSAEncryption	rsa	512	65537	-	-	-	-	-	-	-
1424220851.611850	Fou6KC17uK0gLYUxc6	1	3BEF42491BFE62B9BAF90FDD782239DB	CN=vrt-bz,OU=FOR TESTING ONLY,O=MyOrganization,L=MyTown,ST=MyState,C=US	CN=CertGenCAB,OU=FOR TESTING ONLY,O=MyOrganization,L=MyTown,ST=MyState,C=US	1087380595.000000	1560766195.000000	rsaEncryption	md5WithRSAEncryption	rsa	512	65537	-	-	-	-	-	-	-
1424220863.245586	FSaK9q1vQNSjVHuAge	1	3BEF42491BFE62B9BAF90FDD782239DB	CN=vrt-bz,OU=FOR TESTING ONLY,O=MyOrganization,L=MyTown,ST=MyState,C=US	CN=CertGenCAB,OU=FOR TESTING ONLY,O=MyOrganization,L=MyTown,ST=MyState,C=US	1087380595.000000	1560766195.000000	rsaEncryption	md5WithRSAEncryption	rsa	512	65537	-	-	-	-	-	-	-
1424220874.064164	FphwqZ2dH9l0DWl653	1	3BEF42491BFE62B9BAF90FDD782239DB	CN=vrt-bz,OU=FOR TESTING ONLY,O=MyOrganization,L=MyTown,ST=MyState,C=US	CN=CertGenCAB,OU=FOR TESTING ONLY,O=MyOrganization,L=MyTown,ST=MyState,C=US	1087380595.000000	1560766195.000000	rsaEncryption	md5WithRSAEncryption	rsa	512	65537	-	-	-	-	-	-	-
1424221010.258419	FE70nW2RXnlKorWTZg	1	01	C=US,ST=State,L=City,O=Org,OU=Org unit,CN=Common name	O=Internet Widgits Pty Ltd,ST=Some-State,C=AU	1190168382.000000	1221704382.000000	rsaEncryption	sha1WithRSAEncryption	rsa	512	65537	-	-	-	-	-	-	-
1424221210.089123	FWX2uYsfcgSZzPkxa	3	464804D6	CN=xWcInjKJKZGVfSacKatM,O=GCFLSwRQFQSaBMcLjLKO,L=wKMkWoplGvbIGoLoXOiS,ST=OK,C=US	CN=qunrAnKaVHxEBAQuuZMT,O=edfEJpGrDNQwMalJepAt,L=MVKbijgTiVQvuNjkGibo,ST=TX,C=US	28800.000000	28800.000000	rsaEncryption	sha1WithRSAEncryption	rsa	512	65537	-	-	-	-	-	F	-
1424221570.600861	FfNnjL2jDStv6x0iF5	2	7034F5C53A186EBCEE	CN=LLDVofSgoN.com\00MwL.com,OU=AghRAon,O=gASwSEb,L=I,ST=Minnesota,C=US	CN=kQJkGMuSYxbqBKwKD.com,OU=i,O=ptICG,L=ODD,ST=Delaware,C=US	1398233209.000000	1455692809.000000	rsaEncryption	sha1WithRSAEncryption	rsa	1024	65537	-	-	-	-	-	-	-
#close	2015-02-20-16-41-29
